2026-01-06 15:02:00 [INFO]: New agent registered 
2026-01-06 15:03:51 [WARN]: Login blocked: agent disabled 
2026-01-06 23:38:40 [WARN]: Login blocked: agent disabled 
2026-01-06 23:38:55 [WARN]: Login blocked: agent disabled 
2026-01-06 23:39:14 [WARN]: Login blocked: agent disabled 
2026-01-06 23:40:10 [WARN]: Login blocked: agent disabled 
2026-01-06 23:40:33 [INFO]: Agent login successful 
2026-01-07 15:54:58 [WARN]: Login failed: wrong password 
2026-01-07 15:55:05 [INFO]: Agent login successful 
2026-01-07 15:55:11 [INFO]: Fetching bookings for authenticated user 
2026-01-07 15:55:11 [INFO]: Bookings fetched successfully 
2026-01-07 15:55:11 [INFO]: Fetching bookings for authenticated user 
2026-01-07 15:55:11 [INFO]: Bookings fetched successfully 
2026-01-07 15:56:00 [INFO]: Fetching bookings for authenticated user 
2026-01-07 15:56:00 [INFO]: Bookings fetched successfully 
2026-01-07 15:56:01 [INFO]: User authenticated successfully: aarif568khan@gmail.com (ID: 695bfd3e44828746b260f0b6) 
2026-01-07 16:03:16 [INFO]: User authenticated successfully: aarif568khan@gmail.com (ID: 695bfd3e44828746b260f0b6) 
2026-01-07 16:03:17 [INFO]: Fetching bookings for authenticated user 
2026-01-07 16:03:17 [INFO]: Bookings fetched successfully 
2026-01-07 16:06:36 [INFO]: User logged out successfully 
2026-01-07 16:06:37 [WARN]: Authentication failed: Token missing in request cookies 
2026-01-07 16:07:09 [WARN]: Login failed: wrong password 
2026-01-07 16:07:14 [INFO]: Agent login successful 
2026-01-07 16:07:15 [INFO]: Fetching bookings for authenticated user 
2026-01-07 16:07:16 [INFO]: Bookings fetched successfully 
2026-01-07 16:07:16 [INFO]: Fetching bookings for authenticated user 
2026-01-07 16:07:16 [INFO]: Bookings fetched successfully 
2026-01-07 21:36:44 [INFO]: User authenticated successfully: aarif568khan@gmail.com (ID: 695bfd3e44828746b260f0b6) 
2026-01-07 21:36:45 [INFO]: Fetching bookings for authenticated user 
2026-01-07 21:36:46 [INFO]: Bookings fetched successfully 
2026-01-07 21:37:35 [INFO]: User logged out successfully 
2026-01-07 21:37:36 [WARN]: Authentication failed: Token missing in request cookies 
2026-01-07 21:38:11 [WARN]: Login failed: wrong password 
2026-01-07 21:38:49 [WARN]: Login failed: wrong password 
2026-01-07 21:38:54 [WARN]: Login failed: wrong password 
2026-01-07 21:39:05 [INFO]: Agent login successful 
2026-01-07 21:39:07 [INFO]: Fetching bookings for authenticated user 
2026-01-07 21:39:07 [INFO]: Bookings fetched successfully 
2026-01-07 21:39:07 [INFO]: Fetching bookings for authenticated user 
2026-01-07 21:39:07 [INFO]: Bookings fetched successfully 
2026-01-07 21:51:26 [INFO]: User authenticated successfully: aarif568khan@gmail.com (ID: 695bfd3e44828746b260f0b6) 
2026-01-07 21:51:26 [INFO]: Fetching bookings for authenticated user 
2026-01-07 21:51:26 [INFO]: Bookings fetched successfully 
2026-01-07 21:52:49 [INFO]: User logged out successfully 
2026-01-07 21:52:50 [WARN]: Authentication failed: Token missing in request cookies 
2026-01-07 21:53:20 [WARN]: Login failed: wrong password 
2026-01-07 21:53:31 [INFO]: Agent login successful 
2026-01-07 21:53:32 [INFO]: Fetching bookings for authenticated user 
2026-01-07 21:53:32 [INFO]: Bookings fetched successfully 
2026-01-07 21:53:32 [INFO]: Fetching bookings for authenticated user 
2026-01-07 21:53:32 [INFO]: Bookings fetched successfully 
2026-01-07 21:53:43 [INFO]: User authenticated successfully: aarif568khan@gmail.com (ID: 695bfd3e44828746b260f0b6) 
2026-01-07 21:53:43 [INFO]: Fetching bookings for authenticated user 
2026-01-07 21:53:44 [INFO]: Bookings fetched successfully 
2026-01-07 21:54:00 [INFO]: User authenticated successfully: aarif568khan@gmail.com (ID: 695bfd3e44828746b260f0b6) 
2026-01-07 21:54:00 [INFO]: Fetching bookings for authenticated user 
2026-01-07 21:54:00 [INFO]: Bookings fetched successfully 
2026-01-07 21:56:14 [INFO]: User logged out successfully 
2026-01-07 21:56:15 [WARN]: Authentication failed: Token missing in request cookies 
2026-01-07 21:59:47 [WARN]: Login blocked: agent disabled 
2026-01-07 21:59:56 [WARN]: Login blocked: agent disabled 
2026-01-07 22:04:38 [INFO]: Agent login successful 
2026-01-07 22:04:39 [INFO]: Fetching bookings for authenticated user 
2026-01-07 22:04:39 [INFO]: Bookings fetched successfully 
2026-01-07 22:04:39 [INFO]: Fetching bookings for authenticated user 
2026-01-07 22:04:39 [INFO]: Bookings fetched successfully 
2026-01-07 22:05:57 [INFO]: User authenticated successfully: mdaarifshazz2001@gmail.com (ID: 695cd690bbe7642ce40b2bd1) 
2026-01-07 22:05:57 [INFO]: Fetching bookings for authenticated user 
2026-01-07 22:05:57 [INFO]: Bookings fetched successfully 
2026-01-07 22:09:13 [INFO]: User logged out successfully 
2026-01-07 22:09:13 [WARN]: Authentication failed: Token missing in request cookies 
2026-01-07 22:17:59 [INFO]: Agent login successful 
2026-01-07 22:18:01 [INFO]: Fetching bookings for authenticated user 
2026-01-07 22:18:01 [INFO]: Bookings fetched successfully 
2026-01-07 22:18:01 [INFO]: Fetching bookings for authenticated user 
2026-01-07 22:18:01 [INFO]: Bookings fetched successfully 
2026-01-07 22:18:52 [INFO]: User authenticated successfully: mdaarifshazz2001@gmail.com (ID: 695cd690bbe7642ce40b2bd1) 
2026-01-07 22:18:52 [INFO]: Fetching bookings for authenticated user 
2026-01-07 22:18:52 [INFO]: Bookings fetched successfully 
2026-01-07 22:19:53 [INFO]: User logged out successfully 
2026-01-07 22:19:54 [WARN]: Authentication failed: Token missing in request cookies 
2026-01-07 22:31:19 [WARN]: Login failed: wrong password 
2026-01-07 22:31:44 [WARN]: Login failed: wrong password 
2026-01-07 22:32:51 [WARN]: Login failed: wrong password 
2026-01-07 22:51:43 [INFO]: Agent login successful 
2026-01-07 22:51:45 [INFO]: Fetching bookings for authenticated user 
2026-01-07 22:51:45 [INFO]: Bookings fetched successfully 
2026-01-07 22:51:45 [INFO]: Fetching bookings for authenticated user 
2026-01-07 22:51:45 [INFO]: Bookings fetched successfully 
2026-01-07 22:52:12 [INFO]: User authenticated successfully: aarif568khan@gmail.com (ID: 695bfd3e44828746b260f0b6) 
2026-01-07 22:52:12 [INFO]: Fetching bookings for authenticated user 
2026-01-07 22:52:12 [INFO]: Bookings fetched successfully 
2026-01-07 22:52:38 [INFO]: User authenticated successfully: aarif568khan@gmail.com (ID: 695bfd3e44828746b260f0b6) 
2026-01-07 22:52:38 [INFO]: Fetching bookings for authenticated user 
2026-01-07 22:52:38 [INFO]: Bookings fetched successfully 
2026-01-07 22:52:54 [INFO]: Fetching rental companies... 
2026-01-07 22:52:54 [WARN]: No rental companies found — creating default 'Other' entry 
2026-01-07 22:52:55 [INFO]: Fetched 1 rental companies 
2026-01-07 22:52:55 [INFO]: Fetching rental companies... 
2026-01-07 22:52:55 [INFO]: Fetched 1 rental companies 
2026-01-07 22:54:02 [INFO]: User authenticated successfully: aarif568khan@gmail.com (ID: 695bfd3e44828746b260f0b6) 
2026-01-07 22:54:02 [INFO]: Fetching rental companies... 
2026-01-07 22:54:02 [INFO]: Fetched 1 rental companies 
2026-01-07 22:54:36 [INFO]: Fetching rental companies... 
2026-01-07 22:54:36 [INFO]: User authenticated successfully: aarif568khan@gmail.com (ID: 695bfd3e44828746b260f0b6) 
2026-01-07 22:54:36 [INFO]: Fetched 1 rental companies 
2026-01-07 22:54:43 [INFO]: User authenticated successfully: aarif568khan@gmail.com (ID: 695bfd3e44828746b260f0b6) 
2026-01-07 22:54:43 [INFO]: Fetching rental companies... 
2026-01-07 22:54:43 [INFO]: Fetched 1 rental companies 
2026-01-07 22:54:51 [INFO]: User authenticated successfully: aarif568khan@gmail.com (ID: 695bfd3e44828746b260f0b6) 
2026-01-07 22:54:51 [INFO]: Fetching rental companies... 
2026-01-07 22:54:52 [INFO]: Fetched 1 rental companies 
2026-01-07 22:55:11 [INFO]: User authenticated successfully: aarif568khan@gmail.com (ID: 695bfd3e44828746b260f0b6) 
2026-01-07 22:55:12 [INFO]: Fetching rental companies... 
2026-01-07 22:55:12 [INFO]: Fetched 1 rental companies 
2026-01-07 23:01:03 [INFO]: User authenticated successfully: aarif568khan@gmail.com (ID: 695bfd3e44828746b260f0b6) 
2026-01-07 23:01:03 [INFO]: Fetching rental companies... 
2026-01-07 23:01:03 [INFO]: Fetched 1 rental companies 
2026-01-07 23:05:03 [INFO]: User authenticated successfully: aarif568khan@gmail.com (ID: 695bfd3e44828746b260f0b6) 
2026-01-07 23:05:03 [INFO]: Fetching rental companies... 
2026-01-07 23:05:03 [INFO]: Fetched 1 rental companies 
2026-01-07 23:17:10 [INFO]: User authenticated successfully: aarif568khan@gmail.com (ID: 695bfd3e44828746b260f0b6) 
2026-01-07 23:33:21 [INFO]: User authenticated successfully: aarif568khan@gmail.com (ID: 695bfd3e44828746b260f0b6) 
2026-01-07 23:33:21 [INFO]: Fetching rental companies... 
2026-01-07 23:33:21 [INFO]: Fetched 1 rental companies 
2026-01-07 23:33:38 [INFO]: User authenticated successfully: aarif568khan@gmail.com (ID: 695bfd3e44828746b260f0b6) 
2026-01-07 23:33:38 [INFO]: Fetching rental companies... 
2026-01-07 23:33:38 [INFO]: Fetched 1 rental companies 
2026-01-07 23:35:38 [INFO]: User authenticated successfully: aarif568khan@gmail.com (ID: 695bfd3e44828746b260f0b6) 
2026-01-07 23:35:38 [INFO]: Fetching rental companies... 
2026-01-07 23:35:38 [INFO]: Fetched 1 rental companies 
2026-01-07 23:35:39 [INFO]: User authenticated successfully: aarif568khan@gmail.com (ID: 695bfd3e44828746b260f0b6) 
2026-01-07 23:35:39 [INFO]: Fetching rental companies... 
2026-01-07 23:35:39 [INFO]: Fetched 1 rental companies 
2026-01-07 23:44:01 [INFO]: User authenticated successfully: aarif568khan@gmail.com (ID: 695bfd3e44828746b260f0b6) 
2026-01-07 23:44:01 [INFO]: Fetching rental companies... 
2026-01-07 23:44:01 [INFO]: Fetched 1 rental companies 
2026-01-07 23:44:14 [INFO]: Fetching bookings for authenticated user 
2026-01-07 23:44:14 [INFO]: Bookings fetched successfully 
2026-01-07 23:44:14 [INFO]: Fetching bookings for authenticated user 
2026-01-07 23:44:14 [INFO]: Bookings fetched successfully 
2026-01-07 23:46:23 [INFO]: User authenticated successfully: aarif568khan@gmail.com (ID: 695bfd3e44828746b260f0b6) 
2026-01-07 23:46:23 [INFO]: Fetching bookings for authenticated user 
2026-01-07 23:46:24 [INFO]: Bookings fetched successfully 
2026-01-07 23:47:43 [INFO]: User authenticated successfully: aarif568khan@gmail.com (ID: 695bfd3e44828746b260f0b6) 
2026-01-07 23:47:43 [INFO]: Fetching bookings for authenticated user 
2026-01-07 23:47:43 [INFO]: Bookings fetched successfully 
2026-01-07 23:48:32 [INFO]: User authenticated successfully: aarif568khan@gmail.com (ID: 695bfd3e44828746b260f0b6) 
2026-01-07 23:48:32 [INFO]: Fetching bookings for authenticated user 
2026-01-07 23:48:32 [INFO]: Bookings fetched successfully 
2026-01-07 23:49:15 [INFO]: User authenticated successfully: aarif568khan@gmail.com (ID: 695bfd3e44828746b260f0b6) 
2026-01-07 23:49:15 [INFO]: Fetching bookings for authenticated user 
2026-01-07 23:49:15 [INFO]: Bookings fetched successfully 
2026-01-07 23:49:41 [INFO]: User authenticated successfully: aarif568khan@gmail.com (ID: 695bfd3e44828746b260f0b6) 
2026-01-07 23:49:41 [INFO]: Fetching bookings for authenticated user 
2026-01-07 23:49:41 [INFO]: Bookings fetched successfully 
2026-01-07 23:50:00 [INFO]: User authenticated successfully: aarif568khan@gmail.com (ID: 695bfd3e44828746b260f0b6) 
2026-01-07 23:50:00 [INFO]: Fetching bookings for authenticated user 
2026-01-07 23:50:00 [INFO]: Bookings fetched successfully 
2026-01-07 23:50:27 [INFO]: Fetching bookings for authenticated user 
2026-01-07 23:50:27 [INFO]: User authenticated successfully: aarif568khan@gmail.com (ID: 695bfd3e44828746b260f0b6) 
2026-01-07 23:50:27 [INFO]: Bookings fetched successfully 
2026-01-07 23:50:45 [INFO]: Fetching rental companies... 
2026-01-07 23:50:45 [INFO]: Fetched 1 rental companies 
2026-01-07 23:50:45 [INFO]: Fetching rental companies... 
2026-01-07 23:50:45 [INFO]: Fetched 1 rental companies 
2026-01-07 23:52:17 [INFO]: Create rental company request received 
2026-01-07 23:52:17 [INFO]: Rental company created successfully 
2026-01-07 23:52:17 [INFO]: Fetching rental companies... 
2026-01-07 23:52:17 [INFO]: Fetched 2 rental companies 
2026-01-07 23:52:18 [INFO]: Booking created successfully 
2026-01-07 23:52:20 [INFO]: Fetching bookings for authenticated user 
2026-01-07 23:52:20 [INFO]: Bookings fetched successfully 
2026-01-07 23:52:20 [INFO]: Fetching bookings for authenticated user 
2026-01-07 23:52:20 [INFO]: Bookings fetched successfully 
2026-01-07 23:53:07 [INFO]: User authenticated successfully: aarif568khan@gmail.com (ID: 695bfd3e44828746b260f0b6) 
2026-01-07 23:53:08 [INFO]: Fetching bookings for authenticated user 
2026-01-07 23:53:08 [INFO]: Bookings fetched successfully 
2026-01-07 23:54:49 [INFO]: User authenticated successfully: aarif568khan@gmail.com (ID: 695bfd3e44828746b260f0b6) 
2026-01-07 23:54:49 [INFO]: Fetching bookings for authenticated user 
2026-01-07 23:54:49 [INFO]: Bookings fetched successfully 
2026-01-07 23:55:22 [INFO]: User authenticated successfully: aarif568khan@gmail.com (ID: 695bfd3e44828746b260f0b6) 
2026-01-07 23:55:22 [INFO]: Fetching bookings for authenticated user 
2026-01-07 23:55:23 [INFO]: Bookings fetched successfully 
2026-01-07 23:55:28 [INFO]: User authenticated successfully: aarif568khan@gmail.com (ID: 695bfd3e44828746b260f0b6) 
2026-01-07 23:55:28 [INFO]: Fetching bookings for authenticated user 
2026-01-07 23:55:29 [INFO]: Bookings fetched successfully 
2026-01-07 23:55:44 [INFO]: User authenticated successfully: aarif568khan@gmail.com (ID: 695bfd3e44828746b260f0b6) 
2026-01-07 23:55:44 [INFO]: Fetching bookings for authenticated user 
2026-01-07 23:55:44 [INFO]: Bookings fetched successfully 
2026-01-07 23:56:08 [INFO]: Fetching bookings for authenticated user 
2026-01-07 23:56:09 [INFO]: User authenticated successfully: aarif568khan@gmail.com (ID: 695bfd3e44828746b260f0b6) 
2026-01-07 23:56:09 [INFO]: Bookings fetched successfully 
2026-01-07 23:56:16 [INFO]: Fetching bookings for authenticated user 
2026-01-07 23:56:17 [INFO]: User authenticated successfully: aarif568khan@gmail.com (ID: 695bfd3e44828746b260f0b6) 
2026-01-07 23:56:17 [INFO]: Bookings fetched successfully 
2026-01-07 23:56:49 [INFO]: User authenticated successfully: aarif568khan@gmail.com (ID: 695bfd3e44828746b260f0b6) 
2026-01-07 23:56:49 [INFO]: Fetching bookings for authenticated user 
2026-01-07 23:56:49 [INFO]: Bookings fetched successfully 
2026-01-07 23:57:21 [INFO]: User authenticated successfully: aarif568khan@gmail.com (ID: 695bfd3e44828746b260f0b6) 
2026-01-07 23:57:21 [INFO]: Fetching bookings for authenticated user 
2026-01-07 23:57:21 [INFO]: Bookings fetched successfully 
2026-01-07 23:57:45 [INFO]: Fetching bookings for authenticated user 
2026-01-07 23:57:46 [INFO]: User authenticated successfully: aarif568khan@gmail.com (ID: 695bfd3e44828746b260f0b6) 
2026-01-07 23:57:46 [INFO]: Bookings fetched successfully 
2026-01-07 23:57:51 [INFO]: User authenticated successfully: aarif568khan@gmail.com (ID: 695bfd3e44828746b260f0b6) 
2026-01-07 23:57:52 [INFO]: Fetching bookings for authenticated user 
2026-01-07 23:57:52 [INFO]: Bookings fetched successfully 
2026-01-07 23:59:14 [INFO]: User authenticated successfully: aarif568khan@gmail.com (ID: 695bfd3e44828746b260f0b6) 
2026-01-07 23:59:14 [INFO]: Fetching bookings for authenticated user 
2026-01-07 23:59:14 [INFO]: Bookings fetched successfully 
2026-01-08 00:00:35 [INFO]: User authenticated successfully: aarif568khan@gmail.com (ID: 695bfd3e44828746b260f0b6) 
2026-01-08 00:00:35 [INFO]: Fetching bookings for authenticated user 
2026-01-08 00:00:35 [INFO]: Bookings fetched successfully 
2026-01-08 00:01:05 [INFO]: User authenticated successfully: aarif568khan@gmail.com (ID: 695bfd3e44828746b260f0b6) 
2026-01-08 00:01:05 [INFO]: Fetching bookings for authenticated user 
2026-01-08 00:01:05 [INFO]: Bookings fetched successfully 
2026-01-08 00:01:37 [INFO]: Fetching rental companies... 
2026-01-08 00:01:37 [INFO]: Fetched 2 rental companies 
2026-01-08 00:01:37 [INFO]: Fetching rental companies... 
2026-01-08 00:01:37 [INFO]: Fetched 2 rental companies 
2026-01-08 01:01:00 [INFO]: User authenticated successfully: aarif568khan@gmail.com (ID: 695bfd3e44828746b260f0b6) 
2026-01-08 01:01:00 [INFO]: Fetching rental companies... 
2026-01-08 01:01:01 [INFO]: Fetched 2 rental companies 
2026-01-08 01:01:26 [INFO]: Fetching bookings for authenticated user 
2026-01-08 01:01:26 [INFO]: Bookings fetched successfully 
2026-01-08 01:01:26 [INFO]: Fetching bookings for authenticated user 
2026-01-08 01:01:26 [INFO]: Bookings fetched successfully 
2026-01-08 01:02:13 [INFO]: Fetching bookings for authenticated user 
2026-01-08 01:02:13 [INFO]: User authenticated successfully: aarif568khan@gmail.com (ID: 695bfd3e44828746b260f0b6) 
2026-01-08 01:02:13 [INFO]: Bookings fetched successfully 
2026-01-08 01:02:17 [INFO]: User authenticated successfully: aarif568khan@gmail.com (ID: 695bfd3e44828746b260f0b6) 
2026-01-08 01:02:17 [INFO]: Fetching bookings for authenticated user 
2026-01-08 01:02:17 [INFO]: Bookings fetched successfully 
2026-01-08 01:10:27 [INFO]: User authenticated successfully: aarif568khan@gmail.com (ID: 695bfd3e44828746b260f0b6) 
2026-01-08 01:10:27 [INFO]: Fetching bookings for authenticated user 
2026-01-08 01:10:27 [INFO]: Bookings fetched successfully 
2026-01-08 01:12:00 [INFO]: User authenticated successfully: aarif568khan@gmail.com (ID: 695bfd3e44828746b260f0b6) 
2026-01-08 01:12:00 [INFO]: Fetching bookings for authenticated user 
2026-01-08 01:12:00 [INFO]: Bookings fetched successfully 
2026-01-08 08:27:32 [INFO]: User authenticated successfully: aarif568khan@gmail.com (ID: 695bfd3e44828746b260f0b6) 
2026-01-08 08:27:33 [INFO]: Fetching bookings for authenticated user 
2026-01-08 08:27:34 [INFO]: Bookings fetched successfully 
2026-01-08 08:28:15 [INFO]: Fetching booking by id 
2026-01-08 08:28:15 [INFO]: Booking fetched successfully 
2026-01-08 08:28:15 [INFO]: Fetching booking by id 
2026-01-08 08:28:15 [INFO]: Booking fetched successfully 
2026-01-08 08:28:32 [INFO]: Fetching bookings for authenticated user 
2026-01-08 08:28:32 [INFO]: Bookings fetched successfully 
2026-01-08 08:28:32 [INFO]: Fetching bookings for authenticated user 
2026-01-08 08:28:32 [INFO]: Bookings fetched successfully 
2026-01-08 08:28:44 [INFO]: User authenticated successfully: aarif568khan@gmail.com (ID: 695bfd3e44828746b260f0b6) 
2026-01-08 08:28:44 [INFO]: User authenticated successfully: aarif568khan@gmail.com (ID: 695bfd3e44828746b260f0b6) 
2026-01-08 08:28:45 [INFO]: Fetching rental companies... 
2026-01-08 08:28:45 [INFO]: Fetched 2 rental companies 
2026-01-08 08:28:45 [INFO]: Fetching rental companies... 
2026-01-08 08:28:45 [INFO]: Fetched 2 rental companies 
2026-01-08 08:30:30 [INFO]: Create rental company request received 
2026-01-08 08:30:30 [INFO]: Rental company created successfully 
2026-01-08 08:30:30 [INFO]: Fetching rental companies... 
2026-01-08 08:30:30 [INFO]: Fetched 3 rental companies 
2026-01-08 08:30:31 [INFO]: New cancellation booking created 
2026-01-08 08:30:32 [INFO]: Fetching bookings for authenticated user 
2026-01-08 08:30:32 [INFO]: Bookings fetched successfully 
2026-01-08 08:30:32 [INFO]: Fetching bookings for authenticated user 
2026-01-08 08:30:32 [INFO]: Bookings fetched successfully 
2026-01-08 08:30:56 [INFO]: Booking soft-deleted successfully 
2026-01-08 08:32:18 [INFO]: User authenticated successfully: aarif568khan@gmail.com (ID: 695bfd3e44828746b260f0b6) 
2026-01-08 08:32:19 [INFO]: Fetching bookings for authenticated user 
2026-01-08 08:32:19 [INFO]: Bookings fetched successfully 
2026-01-08 08:32:29 [INFO]: Booking soft-deleted successfully 
2026-01-08 08:37:20 [INFO]: Fetching bookings for authenticated user 
2026-01-08 08:37:21 [INFO]: User authenticated successfully: aarif568khan@gmail.com (ID: 695bfd3e44828746b260f0b6) 
2026-01-08 08:37:21 [INFO]: Bookings fetched successfully 
2026-01-08 08:41:56 [INFO]: User authenticated successfully: aarif568khan@gmail.com (ID: 695bfd3e44828746b260f0b6) 
2026-01-08 08:41:56 [INFO]: Fetching bookings for authenticated user 
2026-01-08 08:41:56 [INFO]: Bookings fetched successfully 
2026-01-08 08:41:57 [INFO]: User authenticated successfully: aarif568khan@gmail.com (ID: 695bfd3e44828746b260f0b6) 
2026-01-08 08:41:57 [INFO]: Fetching bookings for authenticated user 
2026-01-08 08:41:57 [INFO]: Bookings fetched successfully 
2026-01-08 08:44:23 [INFO]: User authenticated successfully: aarif568khan@gmail.com (ID: 695bfd3e44828746b260f0b6) 
2026-01-08 08:44:23 [INFO]: Fetching bookings for authenticated user 
2026-01-08 08:44:23 [INFO]: Bookings fetched successfully 
2026-01-08 08:45:33 [INFO]: User authenticated successfully: aarif568khan@gmail.com (ID: 695bfd3e44828746b260f0b6) 
2026-01-08 08:45:33 [INFO]: Fetching bookings for authenticated user 
2026-01-08 08:45:33 [INFO]: Bookings fetched successfully 
2026-01-08 08:45:40 [INFO]: User logged out successfully 
2026-01-08 08:45:40 [WARN]: Authentication failed: Token missing in request cookies 
2026-01-08 08:48:37 [WARN]: Login failed: agent not found 
2026-01-08 08:48:43 [WARN]: Login failed: agent not found 
2026-01-08 08:50:57 [INFO]: New agent registered 
2026-01-08 08:52:16 [WARN]: Login blocked: agent disabled 
2026-01-08 08:52:22 [WARN]: Login blocked: agent disabled 
2026-01-08 08:52:32 [WARN]: Login blocked: agent disabled 
2026-01-08 08:53:13 [INFO]: Agent login successful 
2026-01-08 08:53:14 [INFO]: Fetching bookings for authenticated user 
2026-01-08 08:53:14 [INFO]: Bookings fetched successfully 
2026-01-08 08:53:14 [INFO]: Fetching bookings for authenticated user 
2026-01-08 08:53:14 [INFO]: Bookings fetched successfully 
2026-01-08 08:53:24 [INFO]: User authenticated successfully: mdaarifshazz2001@gmail.com (ID: 695f2299266900b580c792fc) 
2026-01-08 08:53:24 [INFO]: Fetching bookings for authenticated user 
2026-01-08 08:53:24 [INFO]: Bookings fetched successfully 
2026-01-08 09:01:57 [INFO]: Fetching bookings for authenticated user 
2026-01-08 09:01:57 [INFO]: Bookings fetched successfully 
2026-01-08 09:08:38 [INFO]: Fetching bookings for authenticated user 
2026-01-08 09:08:38 [INFO]: Bookings fetched successfully 
2026-01-08 09:13:37 [INFO]: Fetching bookings for authenticated user 
2026-01-08 09:13:37 [INFO]: Bookings fetched successfully 
2026-01-08 09:33:44 [INFO]: Fetching bookings for authenticated user 
2026-01-08 09:33:44 [INFO]: Bookings fetched successfully 
2026-01-08 09:33:50 [INFO]: Fetching bookings for authenticated user 
2026-01-08 09:33:50 [INFO]: Bookings fetched successfully 
2026-01-08 09:34:33 [INFO]: Fetching bookings for authenticated user 
2026-01-08 09:34:33 [INFO]: Bookings fetched successfully 
2026-01-08 09:34:35 [INFO]: Fetching bookings for authenticated user 
2026-01-08 09:34:35 [INFO]: Bookings fetched successfully 
2026-01-08 09:35:08 [INFO]: Fetching bookings for authenticated user 
2026-01-08 09:35:08 [INFO]: Bookings fetched successfully 
2026-01-08 09:35:23 [INFO]: Fetching bookings for authenticated user 
2026-01-08 09:35:23 [INFO]: Bookings fetched successfully 
2026-01-08 09:35:47 [INFO]: Fetching bookings for authenticated user 
2026-01-08 09:35:47 [INFO]: Bookings fetched successfully 
2026-01-08 09:36:48 [INFO]: Fetching bookings for authenticated user 
2026-01-08 09:36:48 [INFO]: Bookings fetched successfully 
2026-01-08 09:40:24 [INFO]: User authenticated successfully: mdaarifshazz2001@gmail.com (ID: 695f2299266900b580c792fc) 
2026-01-08 09:40:24 [INFO]: Fetching bookings for authenticated user 
2026-01-08 09:40:24 [INFO]: Bookings fetched successfully 
2026-01-08 09:45:20 [INFO]: User authenticated successfully: mdaarifshazz2001@gmail.com (ID: 695f2299266900b580c792fc) 
2026-01-08 09:45:20 [INFO]: Fetching bookings for authenticated user 
2026-01-08 09:45:20 [INFO]: Bookings fetched successfully 
2026-01-08 09:46:16 [INFO]: User authenticated successfully: mdaarifshazz2001@gmail.com (ID: 695f2299266900b580c792fc) 
2026-01-08 09:46:16 [INFO]: Fetching bookings for authenticated user 
2026-01-08 09:46:16 [INFO]: Bookings fetched successfully 
2026-01-08 09:55:05 [INFO]: User logged out successfully 
2026-01-08 09:55:05 [WARN]: Authentication failed: Token missing in request cookies 
2026-01-08 19:20:01 [WARN]: Login failed: wrong password 
2026-01-08 19:20:10 [INFO]: Agent login successful 
2026-01-08 19:20:17 [INFO]: Fetching bookings for authenticated user 
2026-01-08 19:20:17 [INFO]: Bookings fetched successfully 
2026-01-08 19:20:17 [INFO]: Fetching bookings for authenticated user 
2026-01-08 19:20:17 [INFO]: Bookings fetched successfully 
2026-01-08 19:20:27 [INFO]: Fetching bookings for authenticated user 
2026-01-08 19:20:27 [INFO]: Bookings fetched successfully 
2026-01-08 19:20:28 [INFO]: User authenticated successfully: aarif568khan@gmail.com (ID: 695bfd3e44828746b260f0b6) 
2026-01-08 19:21:04 [INFO]: User logged out successfully 
2026-01-08 19:21:04 [WARN]: Authentication failed: Token missing in request cookies 
2026-01-08 19:33:22 [WARN]: Login blocked: agent disabled 
2026-01-08 19:34:04 [WARN]: Login blocked: agent disabled 
2026-01-08 19:34:38 [INFO]: Agent login successful 
2026-01-08 19:34:39 [INFO]: Fetching bookings for authenticated user 
2026-01-08 19:34:39 [INFO]: Bookings fetched successfully 
2026-01-08 19:34:39 [INFO]: Fetching bookings for authenticated user 
2026-01-08 19:34:39 [INFO]: Bookings fetched successfully 
2026-01-08 19:35:07 [INFO]: User logged out successfully 
2026-01-08 19:35:08 [WARN]: Authentication failed: Token missing in request cookies 
2026-01-08 19:35:50 [WARN]: Login failed: wrong password 
2026-01-08 19:35:57 [INFO]: Agent login successful 
2026-01-08 19:35:58 [INFO]: Fetching bookings for authenticated user 
2026-01-08 19:35:58 [INFO]: Bookings fetched successfully 
2026-01-08 19:35:58 [INFO]: Fetching bookings for authenticated user 
2026-01-08 19:35:58 [INFO]: Bookings fetched successfully 
2026-01-08 19:37:00 [INFO]: User authenticated successfully: aarif568khan@gmail.com (ID: 695bfd3e44828746b260f0b6) 
2026-01-08 19:37:00 [INFO]: Fetching bookings for authenticated user 
2026-01-08 19:37:00 [INFO]: Bookings fetched successfully 
2026-01-08 19:37:29 [INFO]: User authenticated successfully: aarif568khan@gmail.com (ID: 695bfd3e44828746b260f0b6) 
2026-01-08 19:37:29 [INFO]: Fetching bookings for authenticated user 
2026-01-08 19:37:29 [INFO]: Bookings fetched successfully 
2026-01-08 19:43:13 [INFO]: User authenticated successfully: aarif568khan@gmail.com (ID: 695bfd3e44828746b260f0b6) 
2026-01-08 19:43:13 [INFO]: Fetching bookings for authenticated user 
2026-01-08 19:43:13 [INFO]: Bookings fetched successfully 
2026-01-08 19:45:49 [INFO]: User authenticated successfully: aarif568khan@gmail.com (ID: 695bfd3e44828746b260f0b6) 
2026-01-08 19:45:49 [INFO]: Fetching bookings for authenticated user 
2026-01-08 19:45:49 [INFO]: Bookings fetched successfully 
2026-01-08 19:46:07 [INFO]: User authenticated successfully: aarif568khan@gmail.com (ID: 695bfd3e44828746b260f0b6) 
2026-01-08 19:46:07 [INFO]: Fetching bookings for authenticated user 
2026-01-08 19:46:07 [INFO]: Bookings fetched successfully 
2026-01-08 19:50:19 [INFO]: User authenticated successfully: aarif568khan@gmail.com (ID: 695bfd3e44828746b260f0b6) 
2026-01-08 19:50:19 [INFO]: Fetching bookings for authenticated user 
2026-01-08 19:50:19 [INFO]: Bookings fetched successfully 
2026-01-08 21:26:16 [WARN]: Authentication failed: Token missing in request cookies 
2026-01-08 21:26:49 [INFO]: User authenticated successfully: aarif568khan@gmail.com (ID: 695bfd3e44828746b260f0b6) 
2026-01-08 21:26:55 [INFO]: Fetching bookings for authenticated user 
2026-01-08 21:26:55 [INFO]: Bookings fetched successfully 
2026-01-08 21:27:24 [INFO]: User authenticated successfully: aarif568khan@gmail.com (ID: 695bfd3e44828746b260f0b6) 
2026-01-08 21:27:24 [INFO]: Fetching bookings for authenticated user 
2026-01-08 21:27:24 [INFO]: Bookings fetched successfully 
2026-01-08 21:28:36 [INFO]: User authenticated successfully: aarif568khan@gmail.com (ID: 695bfd3e44828746b260f0b6) 
2026-01-08 21:28:36 [INFO]: User authenticated successfully: aarif568khan@gmail.com (ID: 695bfd3e44828746b260f0b6) 
2026-01-08 21:28:37 [INFO]: Fetching rental companies... 
2026-01-08 21:28:37 [INFO]: Fetched 3 rental companies 
2026-01-08 21:28:37 [INFO]: Fetching rental companies... 
2026-01-08 21:28:37 [INFO]: Fetched 3 rental companies 
2026-01-08 21:28:38 [INFO]: Fetching bookings for authenticated user 
2026-01-08 21:28:39 [INFO]: Bookings fetched successfully 
2026-01-08 21:28:39 [INFO]: Fetching bookings for authenticated user 
2026-01-08 21:28:39 [INFO]: Bookings fetched successfully 
2026-01-08 21:30:29 [INFO]: User authenticated successfully: aarif568khan@gmail.com (ID: 695bfd3e44828746b260f0b6) 
2026-01-08 21:30:29 [INFO]: Fetching bookings for authenticated user 
2026-01-08 21:30:29 [INFO]: Bookings fetched successfully 
2026-01-08 21:31:32 [INFO]: User authenticated successfully: aarif568khan@gmail.com (ID: 695bfd3e44828746b260f0b6) 
2026-01-08 21:31:32 [INFO]: Fetching bookings for authenticated user 
2026-01-08 21:31:32 [INFO]: Bookings fetched successfully 
2026-01-08 21:31:40 [INFO]: User authenticated successfully: aarif568khan@gmail.com (ID: 695bfd3e44828746b260f0b6) 
2026-01-08 21:31:40 [INFO]: Fetching bookings for authenticated user 
2026-01-08 21:31:40 [INFO]: Bookings fetched successfully 
2026-01-08 21:31:51 [INFO]: Fetching rental companies... 
2026-01-08 21:31:52 [INFO]: Fetched 3 rental companies 
2026-01-08 21:31:52 [INFO]: Fetching rental companies... 
2026-01-08 21:31:52 [INFO]: Fetched 3 rental companies 
2026-01-08 21:31:55 [INFO]: Fetching booking by id 
2026-01-08 21:31:55 [ERROR]: Failed to fetch booking by id 
2026-01-08 21:31:55 [INFO]: Fetching booking by id 
2026-01-08 21:31:55 [ERROR]: Failed to fetch booking by id 
2026-01-08 21:31:56 [INFO]: Fetching bookings for authenticated user 
2026-01-08 21:31:56 [INFO]: Bookings fetched successfully 
2026-01-08 21:31:56 [INFO]: Fetching bookings for authenticated user 
2026-01-08 21:31:56 [INFO]: Bookings fetched successfully 
2026-01-08 21:32:31 [INFO]: User authenticated successfully: aarif568khan@gmail.com (ID: 695bfd3e44828746b260f0b6) 
2026-01-08 21:32:31 [INFO]: Fetching bookings for authenticated user 
2026-01-08 21:32:31 [INFO]: Bookings fetched successfully 
2026-01-08 21:32:59 [WARN]: Login failed: wrong password 
2026-01-08 21:34:43 [INFO]: User authenticated successfully: aarif568khan@gmail.com (ID: 695bfd3e44828746b260f0b6) 
2026-01-08 21:34:43 [INFO]: Fetching bookings for authenticated user 
2026-01-08 21:34:43 [INFO]: Bookings fetched successfully 
2026-01-08 21:34:50 [INFO]: User authenticated successfully: aarif568khan@gmail.com (ID: 695bfd3e44828746b260f0b6) 
2026-01-08 21:34:50 [INFO]: Fetching bookings for authenticated user 
2026-01-08 21:34:50 [INFO]: Bookings fetched successfully 
2026-01-08 21:34:53 [WARN]: Login blocked: agent disabled 
2026-01-08 21:34:54 [WARN]: Login blocked: agent disabled 
2026-01-08 21:34:59 [WARN]: Login blocked: agent disabled 
2026-01-08 21:35:23 [WARN]: Login failed: wrong password 
2026-01-08 21:35:27 [INFO]: Agent login successful 
2026-01-08 21:35:28 [INFO]: Fetching bookings for authenticated user 
2026-01-08 21:35:28 [INFO]: Bookings fetched successfully 
2026-01-08 21:35:28 [INFO]: Fetching bookings for authenticated user 
2026-01-08 21:35:28 [INFO]: Bookings fetched successfully 
2026-01-08 21:35:36 [INFO]: User authenticated successfully: mdaarifshazz2001@gmail.com (ID: 695f2299266900b580c792fc) 
2026-01-08 21:35:36 [INFO]: Fetching bookings for authenticated user 
2026-01-08 21:35:36 [INFO]: Bookings fetched successfully 
2026-01-08 21:35:58 [INFO]: Fetching bookings for authenticated user 
2026-01-08 21:35:58 [INFO]: User authenticated successfully: mdaarifshazz2001@gmail.com (ID: 695f2299266900b580c792fc) 
2026-01-08 21:35:58 [INFO]: Bookings fetched successfully 
2026-01-08 21:39:07 [INFO]: Fetching bookings for authenticated user 
2026-01-08 21:39:07 [INFO]: User authenticated successfully: aarif568khan@gmail.com (ID: 695bfd3e44828746b260f0b6) 
2026-01-08 21:39:07 [INFO]: Bookings fetched successfully 
2026-01-08 21:43:03 [INFO]: User authenticated successfully: aarif568khan@gmail.com (ID: 695bfd3e44828746b260f0b6) 
2026-01-08 21:43:04 [INFO]: Fetching bookings for authenticated user 
2026-01-08 21:43:04 [INFO]: Bookings fetched successfully 
2026-01-08 21:44:15 [INFO]: Fetching bookings for authenticated user 
2026-01-08 21:44:15 [INFO]: Bookings fetched successfully 
2026-01-08 21:44:16 [INFO]: Fetching bookings for authenticated user 
2026-01-08 21:44:17 [INFO]: Bookings fetched successfully 
2026-01-08 21:44:52 [INFO]: Fetching bookings for authenticated user 
2026-01-08 21:44:52 [INFO]: Bookings fetched successfully 
2026-01-08 21:44:55 [INFO]: Fetching bookings for authenticated user 
2026-01-08 21:44:55 [INFO]: Bookings fetched successfully 
2026-01-08 21:44:57 [INFO]: Fetching bookings for authenticated user 
2026-01-08 21:44:57 [INFO]: Bookings fetched successfully 
2026-01-08 21:44:58 [INFO]: Fetching bookings for authenticated user 
2026-01-08 21:44:58 [INFO]: Bookings fetched successfully 
2026-01-08 21:45:05 [INFO]: User authenticated successfully: aarif568khan@gmail.com (ID: 695bfd3e44828746b260f0b6) 
2026-01-08 21:45:05 [INFO]: Fetching bookings for authenticated user 
2026-01-08 21:45:05 [INFO]: Bookings fetched successfully 
2026-01-08 21:45:40 [INFO]: Fetching bookings for authenticated user 
2026-01-08 21:45:40 [INFO]: Bookings fetched successfully 
2026-01-08 21:45:40 [INFO]: Fetching bookings for authenticated user 
2026-01-08 21:45:40 [INFO]: Bookings fetched successfully 
2026-01-08 21:45:45 [INFO]: Fetching bookings for authenticated user 
2026-01-08 21:45:45 [INFO]: Bookings fetched successfully 
2026-01-08 21:45:46 [INFO]: Fetching bookings for authenticated user 
2026-01-08 21:45:47 [INFO]: Bookings fetched successfully 
2026-01-08 21:46:18 [INFO]: Fetching bookings for authenticated user 
2026-01-08 21:46:18 [INFO]: Bookings fetched successfully 
2026-01-08 21:46:34 [INFO]: User authenticated successfully: aarif568khan@gmail.com (ID: 695bfd3e44828746b260f0b6) 
2026-01-08 21:46:34 [INFO]: Fetching bookings for authenticated user 
2026-01-08 21:46:35 [INFO]: Bookings fetched successfully 
2026-01-08 21:48:24 [INFO]: Fetching bookings for authenticated user 
2026-01-08 21:48:24 [INFO]: Bookings fetched successfully 
2026-01-08 21:48:26 [INFO]: Fetching bookings for authenticated user 
2026-01-08 21:48:26 [INFO]: Bookings fetched successfully 
2026-01-08 21:52:28 [INFO]: Fetching bookings for authenticated user 
2026-01-08 21:52:28 [INFO]: Bookings fetched successfully 
2026-01-08 21:52:29 [INFO]: Fetching bookings for authenticated user 
2026-01-08 21:52:29 [INFO]: Bookings fetched successfully 
2026-01-08 21:52:44 [INFO]: Fetching bookings for authenticated user 
2026-01-08 21:52:44 [INFO]: Bookings fetched successfully 
2026-01-08 21:52:47 [INFO]: Fetching bookings for authenticated user 
2026-01-08 21:52:47 [INFO]: Bookings fetched successfully 
2026-01-08 21:53:10 [INFO]: Fetching bookings for authenticated user 
2026-01-08 21:53:10 [INFO]: Bookings fetched successfully 
2026-01-08 21:53:11 [INFO]: Fetching bookings for authenticated user 
2026-01-08 21:53:11 [INFO]: Bookings fetched successfully 
2026-01-08 22:59:19 [INFO]: Fetching bookings for authenticated user 
2026-01-08 22:59:19 [INFO]: Bookings fetched successfully 
2026-01-08 22:59:19 [INFO]: Fetching bookings for authenticated user 
2026-01-08 22:59:19 [INFO]: Bookings fetched successfully 
2026-01-08 23:03:47 [INFO]: Fetching bookings for authenticated user 
2026-01-08 23:03:47 [INFO]: Bookings fetched successfully 
2026-01-08 23:03:47 [INFO]: Fetching bookings for authenticated user 
2026-01-08 23:03:47 [INFO]: Bookings fetched successfully 
2026-01-08 23:04:01 [INFO]: Fetching bookings for authenticated user 
2026-01-08 23:04:02 [INFO]: User authenticated successfully: aarif568khan@gmail.com (ID: 695bfd3e44828746b260f0b6) 
2026-01-08 23:04:02 [INFO]: Bookings fetched successfully 
2026-01-08 23:17:54 [INFO]: User authenticated successfully: aarif568khan@gmail.com (ID: 695bfd3e44828746b260f0b6) 
2026-01-08 23:17:56 [INFO]: Fetching bookings for authenticated user 
2026-01-08 23:17:56 [INFO]: Bookings fetched successfully 
2026-01-08 23:19:04 [INFO]: User authenticated successfully: mdaarifshazz2001@gmail.com (ID: 695f2299266900b580c792fc) 
2026-01-08 23:19:04 [INFO]: User authenticated successfully: aarif568khan@gmail.com (ID: 695bfd3e44828746b260f0b6) 
2026-01-08 23:19:11 [INFO]: Fetching bookings for authenticated user 
2026-01-08 23:19:11 [INFO]: Fetching bookings for authenticated user 
2026-01-08 23:19:12 [INFO]: Bookings fetched successfully 
2026-01-08 23:19:12 [INFO]: Bookings fetched successfully 
2026-01-08 23:20:34 [INFO]: User authenticated successfully: aarif568khan@gmail.com (ID: 695bfd3e44828746b260f0b6) 
2026-01-08 23:20:35 [INFO]: Fetching bookings for authenticated user 
2026-01-08 23:20:35 [INFO]: Bookings fetched successfully 
2026-01-08 23:22:16 [INFO]: User authenticated successfully: aarif568khan@gmail.com (ID: 695bfd3e44828746b260f0b6) 
